{
  "@timestamp" : "2024-10-28T21:59:51.4048958+09:00",
  "@version" : "1",
  "message" : "Starting RandezBackendApplicationKt using Java 21 with PID 24380 (D:\\project\\Randez-backend\\build\\classes\\kotlin\\main started by pwy96 in D:\\project\\Randez-backend)",
  "logger_name" : "io.rendez.RandezBackendApplicationKt",
  "thread_name" : "restartedMain",
  "level" : "INFO",
  "level_value" : 20000
}
{
  "@timestamp" : "2024-10-28T21:59:51.4118199+09:00",
  "@version" : "1",
  "message" : "The following 1 profile is active: \"dev\"",
  "logger_name" : "io.rendez.RandezBackendApplicationKt",
  "thread_name" : "restartedMain",
  "level" : "INFO",
  "level_value" : 20000
}
{
  "@timestamp" : "2024-10-28T21:59:51.4415277+09:00",
  "@version" : "1",
  "message" : "Devtools property defaults active! Set 'spring.devtools.add-properties' to 'false' to disable",
  "logger_name" : "org.springframework.boot.devtools.env.DevToolsPropertyDefaultsPostProcessor",
  "thread_name" : "restartedMain",
  "level" : "INFO",
  "level_value" : 20000
}
{
  "@timestamp" : "2024-10-28T21:59:51.4415277+09:00",
  "@version" : "1",
  "message" : "For additional web related logging consider setting the 'logging.level.web' property to 'DEBUG'",
  "logger_name" : "org.springframework.boot.devtools.env.DevToolsPropertyDefaultsPostProcessor",
  "thread_name" : "restartedMain",
  "level" : "INFO",
  "level_value" : 20000
}
{
  "@timestamp" : "2024-10-28T21:59:52.0490737+09:00",
  "@version" : "1",
  "message" : "Bootstrapping Spring Data JPA repositories in DEFAULT mode.",
  "logger_name" : "org.springframework.data.repository.config.RepositoryConfigurationDelegate",
  "thread_name" : "restartedMain",
  "level" : "INFO",
  "level_value" : 20000
}
{
  "@timestamp" : "2024-10-28T21:59:52.0622831+09:00",
  "@version" : "1",
  "message" : "Finished Spring Data repository scanning in 8 ms. Found 0 JPA repository interfaces.",
  "logger_name" : "org.springframework.data.repository.config.RepositoryConfigurationDelegate",
  "thread_name" : "restartedMain",
  "level" : "INFO",
  "level_value" : 20000
}
{
  "@timestamp" : "2024-10-28T21:59:52.3805503+09:00",
  "@version" : "1",
  "message" : "Tomcat initialized with port 8080 (http)",
  "logger_name" : "org.springframework.boot.web.embedded.tomcat.TomcatWebServer",
  "thread_name" : "restartedMain",
  "level" : "INFO",
  "level_value" : 20000
}
{
  "@timestamp" : "2024-10-28T21:59:52.386708+09:00",
  "@version" : "1",
  "message" : "Initializing ProtocolHandler [\"http-nio-8080\"]",
  "logger_name" : "org.apache.coyote.http11.Http11NioProtocol",
  "thread_name" : "restartedMain",
  "level" : "INFO",
  "level_value" : 20000
}
{
  "@timestamp" : "2024-10-28T21:59:52.3887626+09:00",
  "@version" : "1",
  "message" : "Starting service [Tomcat]",
  "logger_name" : "org.apache.catalina.core.StandardService",
  "thread_name" : "restartedMain",
  "level" : "INFO",
  "level_value" : 20000
}
{
  "@timestamp" : "2024-10-28T21:59:52.3892931+09:00",
  "@version" : "1",
  "message" : "Starting Servlet engine: [Apache Tomcat/10.1.31]",
  "logger_name" : "org.apache.catalina.core.StandardEngine",
  "thread_name" : "restartedMain",
  "level" : "INFO",
  "level_value" : 20000
}
{
  "@timestamp" : "2024-10-28T21:59:52.4324744+09:00",
  "@version" : "1",
  "message" : "Initializing Spring embedded WebApplicationContext",
  "logger_name" : "org.apache.catalina.core.ContainerBase.[Tomcat].[localhost].[/]",
  "thread_name" : "restartedMain",
  "level" : "INFO",
  "level_value" : 20000
}
{
  "@timestamp" : "2024-10-28T21:59:52.4324744+09:00",
  "@version" : "1",
  "message" : "Root WebApplicationContext: initialization completed in 990 ms",
  "logger_name" : "org.springframework.boot.web.servlet.context.ServletWebServerApplicationContext",
  "thread_name" : "restartedMain",
  "level" : "INFO",
  "level_value" : 20000
}
{
  "@timestamp" : "2024-10-28T21:59:52.4477225+09:00",
  "@version" : "1",
  "message" : "HikariPool-1 - Starting...",
  "logger_name" : "com.zaxxer.hikari.HikariDataSource",
  "thread_name" : "restartedMain",
  "level" : "INFO",
  "level_value" : 20000
}
{
  "@timestamp" : "2024-10-28T21:59:52.9168791+09:00",
  "@version" : "1",
  "message" : "HikariPool-1 - Added connection org.postgresql.jdbc.PgConnection@74fbbb6a",
  "logger_name" : "com.zaxxer.hikari.pool.HikariPool",
  "thread_name" : "restartedMain",
  "level" : "INFO",
  "level_value" : 20000
}
{
  "@timestamp" : "2024-10-28T21:59:52.9179171+09:00",
  "@version" : "1",
  "message" : "HikariPool-1 - Start completed.",
  "logger_name" : "com.zaxxer.hikari.HikariDataSource",
  "thread_name" : "restartedMain",
  "level" : "INFO",
  "level_value" : 20000
}
{
  "@timestamp" : "2024-10-28T21:59:52.9246119+09:00",
  "@version" : "1",
  "message" : "H2 console available at '/h2-console'. Database available at 'jdbc:postgresql://124.61.33.143:5432/rendez'",
  "logger_name" : "org.springframework.boot.autoconfigure.h2.H2ConsoleAutoConfiguration",
  "thread_name" : "restartedMain",
  "level" : "INFO",
  "level_value" : 20000
}
{
  "@timestamp" : "2024-10-28T21:59:52.9951449+09:00",
  "@version" : "1",
  "message" : "HHH000204: Processing PersistenceUnitInfo [name: default]",
  "logger_name" : "org.hibernate.jpa.internal.util.LogHelper",
  "thread_name" : "restartedMain",
  "level" : "INFO",
  "level_value" : 20000
}
{
  "@timestamp" : "2024-10-28T21:59:53.0335493+09:00",
  "@version" : "1",
  "message" : "HHH000412: Hibernate ORM core version 6.5.3.Final",
  "logger_name" : "org.hibernate.Version",
  "thread_name" : "restartedMain",
  "level" : "INFO",
  "level_value" : 20000
}
{
  "@timestamp" : "2024-10-28T21:59:53.055619+09:00",
  "@version" : "1",
  "message" : "HHH000026: Second-level cache disabled",
  "logger_name" : "org.hibernate.cache.internal.RegionFactoryInitiator",
  "thread_name" : "restartedMain",
  "level" : "INFO",
  "level_value" : 20000
}
{
  "@timestamp" : "2024-10-28T21:59:53.2662906+09:00",
  "@version" : "1",
  "message" : "No LoadTimeWeaver setup: ignoring JPA class transformer",
  "logger_name" : "org.springframework.orm.jpa.persistenceunit.SpringPersistenceUnitInfo",
  "thread_name" : "restartedMain",
  "level" : "INFO",
  "level_value" : 20000
}
{
  "@timestamp" : "2024-10-28T21:59:53.5597152+09:00",
  "@version" : "1",
  "message" : "Initialized JPA EntityManagerFactory for persistence unit 'default'",
  "logger_name" : "org.springframework.orm.jpa.LocalContainerEntityManagerFactoryBean",
  "thread_name" : "restartedMain",
  "level" : "INFO",
  "level_value" : 20000
}
{
  "@timestamp" : "2024-10-28T21:59:53.5875982+09:00",
  "@version" : "1",
  "message" : "spring.jpa.open-in-view is enabled by default. Therefore, database queries may be performed during view rendering. Explicitly configure spring.jpa.open-in-view to disable this warning",
  "logger_name" : "org.springframework.boot.autoconfigure.orm.jpa.JpaBaseConfiguration$JpaWebConfiguration",
  "thread_name" : "restartedMain",
  "level" : "WARN",
  "level_value" : 30000
}
{
  "@timestamp" : "2024-10-28T21:59:53.597136+09:00",
  "@version" : "1",
  "message" : "\r\n\r\nUsing generated security password: ed4a58e3-b561-45bd-83d5-dbdbbf3112f5\r\n\r\nThis generated password is for development use only. Your security configuration must be updated before running your application in production.\r\n",
  "logger_name" : "org.springframework.boot.autoconfigure.security.servlet.UserDetailsServiceAutoConfiguration",
  "thread_name" : "restartedMain",
  "level" : "WARN",
  "level_value" : 30000
}
{
  "@timestamp" : "2024-10-28T21:59:53.607093+09:00",
  "@version" : "1",
  "message" : "Global AuthenticationManager configured with UserDetailsService bean with name inMemoryUserDetailsManager",
  "logger_name" : "org.springframework.security.config.annotation.authentication.configuration.InitializeUserDetailsBeanManagerConfigurer$InitializeUserDetailsManagerConfigurer",
  "thread_name" : "restartedMain",
  "level" : "INFO",
  "level_value" : 20000
}
{
  "@timestamp" : "2024-10-28T21:59:53.8662808+09:00",
  "@version" : "1",
  "message" : "LiveReload server is running on port 35729",
  "logger_name" : "org.springframework.boot.devtools.autoconfigure.OptionalLiveReloadServer",
  "thread_name" : "restartedMain",
  "level" : "INFO",
  "level_value" : 20000
}
{
  "@timestamp" : "2024-10-28T21:59:53.8795808+09:00",
  "@version" : "1",
  "message" : "Starting ProtocolHandler [\"http-nio-8080\"]",
  "logger_name" : "org.apache.coyote.http11.Http11NioProtocol",
  "thread_name" : "restartedMain",
  "level" : "INFO",
  "level_value" : 20000
}
{
  "@timestamp" : "2024-10-28T21:59:53.893384+09:00",
  "@version" : "1",
  "message" : "Tomcat started on port 8080 (http) with context path '/'",
  "logger_name" : "org.springframework.boot.web.embedded.tomcat.TomcatWebServer",
  "thread_name" : "restartedMain",
  "level" : "INFO",
  "level_value" : 20000
}
{
  "@timestamp" : "2024-10-28T21:59:53.8978008+09:00",
  "@version" : "1",
  "message" : "Started RandezBackendApplicationKt in 2.73 seconds (process running for 3.412)",
  "logger_name" : "io.rendez.RandezBackendApplicationKt",
  "thread_name" : "restartedMain",
  "level" : "INFO",
  "level_value" : 20000
}
{
  "@timestamp" : "2024-10-28T22:00:59.2255586+09:00",
  "@version" : "1",
  "message" : "Initializing Spring DispatcherServlet 'dispatcherServlet'",
  "logger_name" : "org.apache.catalina.core.ContainerBase.[Tomcat].[localhost].[/]",
  "thread_name" : "http-nio-8080-exec-1",
  "level" : "INFO",
  "level_value" : 20000
}
{
  "@timestamp" : "2024-10-28T22:00:59.2255586+09:00",
  "@version" : "1",
  "message" : "Initializing Servlet 'dispatcherServlet'",
  "logger_name" : "org.springframework.web.servlet.DispatcherServlet",
  "thread_name" : "http-nio-8080-exec-1",
  "level" : "INFO",
  "level_value" : 20000
}
{
  "@timestamp" : "2024-10-28T22:00:59.2266153+09:00",
  "@version" : "1",
  "message" : "Completed initialization in 1 ms",
  "logger_name" : "org.springframework.web.servlet.DispatcherServlet",
  "thread_name" : "http-nio-8080-exec-1",
  "level" : "INFO",
  "level_value" : 20000
}
{
  "@timestamp" : "2024-10-28T22:00:59.2556645+09:00",
  "@version" : "1",
  "message" : "Resolved [org.springframework.web.HttpRequestMethodNotSupportedException: Request method 'POST' is not supported]",
  "logger_name" : "org.springframework.web.servlet.mvc.support.DefaultHandlerExceptionResolver",
  "thread_name" : "http-nio-8080-exec-1",
  "level" : "WARN",
  "level_value" : 30000
}
{
  "@timestamp" : "2024-10-28T22:01:06.9911393+09:00",
  "@version" : "1",
  "message" : "Closing JPA EntityManagerFactory for persistence unit 'default'",
  "logger_name" : "org.springframework.orm.jpa.LocalContainerEntityManagerFactoryBean",
  "thread_name" : "SpringApplicationShutdownHook",
  "level" : "INFO",
  "level_value" : 20000
}
{
  "@timestamp" : "2024-10-28T22:01:06.9926794+09:00",
  "@version" : "1",
  "message" : "HikariPool-1 - Shutdown initiated...",
  "logger_name" : "com.zaxxer.hikari.HikariDataSource",
  "thread_name" : "SpringApplicationShutdownHook",
  "level" : "INFO",
  "level_value" : 20000
}
{
  "@timestamp" : "2024-10-28T22:01:07.1417393+09:00",
  "@version" : "1",
  "message" : "HikariPool-1 - Shutdown completed.",
  "logger_name" : "com.zaxxer.hikari.HikariDataSource",
  "thread_name" : "SpringApplicationShutdownHook",
  "level" : "INFO",
  "level_value" : 20000
}
